<?xml version="1.0" encoding="UTF-8"?>
<!-- Generated by org.testng.reporters.JUnitXMLReporter -->
<testsuite ignored="1" hostname="DESKTOP-4KVPIP2" failures="0" tests="1" name="Default test" time="18.367" errors="0" timestamp="24 Feb 2021 04:27:07 GMT">
  <testcase classname="test.LoginTest" name="shouldLoginSuccessfully" time="5.754"/>
  <testcase classname="test.LoginTest" name="shouldLoginFail" time="0.0">
    <ignored/>
  </testcase> <!-- shouldLoginFail -->
</testsuite> <!-- Default test -->
