<?xml version="1.0" encoding="UTF-8"?>
<testng-results ignored="0" total="2" passed="2" failed="0" skipped="0">
  <reporter-output>
  </reporter-output>
  <suite started-at="2021-02-19T10:05:11Z" name="Default suite" finished-at="2021-02-19T10:05:30Z" duration-ms="19022">
    <groups>
    </groups>
    <test started-at="2021-02-19T10:05:11Z" name="Default test" finished-at="2021-02-19T10:05:30Z" duration-ms="19022">
      <class name="test.LoginTest">
        <test-method is-config="true" signature="setupTestData()[pri:0, instance:test.LoginTest@47d9a273]" started-at="2021-02-19T10:05:11Z" name="setupTestData" finished-at="2021-02-19T10:05:11Z" duration-ms="9" status="PASS">
          <reporter-output>
          </reporter-output>
        </test-method> <!-- setupTestData -->
        <test-method is-config="true" signature="setup()[pri:0, instance:test.LoginTest@47d9a273]" started-at="2021-02-19T10:05:11Z" name="setup" finished-at="2021-02-19T10:05:16Z" duration-ms="5542" status="PASS">
          <reporter-output>
          </reporter-output>
        </test-method> <!-- setup -->
        <test-method signature="shouldLoginFail()[pri:0, instance:test.LoginTest@47d9a273]" started-at="2021-02-19T10:05:16Z" name="shouldLoginFail" finished-at="2021-02-19T10:05:21Z" duration-ms="4846" status="PASS">
          <reporter-output>
          </reporter-output>
        </test-method> <!-- shouldLoginFail -->
        <test-method is-config="true" signature="cleanup()[pri:0, instance:test.LoginTest@47d9a273]" started-at="2021-02-19T10:05:21Z" name="cleanup" finished-at="2021-02-19T10:05:21Z" duration-ms="152" status="PASS">
          <reporter-output>
          </reporter-output>
        </test-method> <!-- cleanup -->
        <test-method is-config="true" signature="setup()[pri:0, instance:test.LoginTest@47d9a273]" started-at="2021-02-19T10:05:21Z" name="setup" finished-at="2021-02-19T10:05:25Z" duration-ms="3675" status="PASS">
          <reporter-output>
          </reporter-output>
        </test-method> <!-- setup -->
        <test-method signature="shouldLoginSuccessfully()[pri:0, instance:test.LoginTest@47d9a273]" started-at="2021-02-19T10:05:25Z" name="shouldLoginSuccessfully" finished-at="2021-02-19T10:05:29Z" duration-ms="3970" status="PASS">
          <reporter-output>
          </reporter-output>
        </test-method> <!-- shouldLoginSuccessfully -->
        <test-method is-config="true" signature="cleanup()[pri:0, instance:test.LoginTest@47d9a273]" started-at="2021-02-19T10:05:29Z" name="cleanup" finished-at="2021-02-19T10:05:29Z" duration-ms="140" status="PASS">
          <reporter-output>
          </reporter-output>
        </test-method> <!-- cleanup -->
        <test-method is-config="true" signature="tearDown()[pri:0, instance:test.LoginTest@47d9a273]" started-at="2021-02-19T10:05:29Z" name="tearDown" finished-at="2021-02-19T10:05:30Z" duration-ms="665" status="PASS">
          <reporter-output>
          </reporter-output>
        </test-method> <!-- tearDown -->
      </class> <!-- test.LoginTest -->
    </test> <!-- Default test -->
  </suite> <!-- Default suite -->
</testng-results>
