<?xml version="1.0" encoding="UTF-8"?>
<testng-results ignored="1" total="2" passed="1" failed="0" skipped="0">
  <reporter-output>
  </reporter-output>
  <suite started-at="2021-02-24T04:26:49Z" name="Default suite" finished-at="2021-02-24T04:27:07Z" duration-ms="18367">
    <groups>
    </groups>
    <test started-at="2021-02-24T04:26:49Z" name="Default test" finished-at="2021-02-24T04:27:07Z" duration-ms="18367">
      <class name="test.LoginTest">
        <test-method is-config="true" signature="setupTestData()[pri:0, instance:test.LoginTest@242b836]" started-at="2021-02-24T04:26:49Z" name="setupTestData" finished-at="2021-02-24T04:26:49Z" duration-ms="18" status="PASS">
          <reporter-output>
          </reporter-output>
        </test-method> <!-- setupTestData -->
        <test-method is-config="true" signature="setup()[pri:0, instance:test.LoginTest@242b836]" started-at="2021-02-24T04:26:49Z" name="setup" finished-at="2021-02-24T04:26:58Z" duration-ms="9218" status="PASS">
          <reporter-output>
          </reporter-output>
        </test-method> <!-- setup -->
        <test-method signature="shouldLoginSuccessfully()[pri:0, instance:test.LoginTest@242b836]" started-at="2021-02-24T04:26:58Z" name="shouldLoginSuccessfully" finished-at="2021-02-24T04:27:04Z" duration-ms="5754" status="PASS">
          <reporter-output>
          </reporter-output>
        </test-method> <!-- shouldLoginSuccessfully -->
        <test-method is-config="true" signature="cleanup()[pri:0, instance:test.LoginTest@242b836]" started-at="2021-02-24T04:27:04Z" name="cleanup" finished-at="2021-02-24T04:27:06Z" duration-ms="2844" status="PASS">
          <reporter-output>
          </reporter-output>
        </test-method> <!-- cleanup -->
        <test-method is-config="true" signature="tearDown()[pri:0, instance:test.LoginTest@242b836]" started-at="2021-02-24T04:27:06Z" name="tearDown" finished-at="2021-02-24T04:27:07Z" duration-ms="517" status="PASS">
          <reporter-output>
          </reporter-output>
        </test-method> <!-- tearDown -->
      </class> <!-- test.LoginTest -->
    </test> <!-- Default test -->
  </suite> <!-- Default suite -->
</testng-results>
